<?xml version="1.0" encoding="UTF-8"?>
<!-- Generated by org.testng.reporters.JUnitReportReporter -->
<testsuite hostname="a-0d60a2f203f14" name="com.qtpselenium.suite.cart.TestCase_B1" tests="4" failures="4" timestamp="16 Nov 2011 22:41:39 GMT" time="0.000" errors="0">
  <testcase name="testcaseB1" time="0.000" classname="com.qtpselenium.suite.cart.TestCase_B1"/>
  <testcase name="testcaseB1" time="0.000" classname="com.qtpselenium.suite.cart.TestCase_B1"/>
  <testcase name="testcaseB1" time="0.000" classname="com.qtpselenium.suite.cart.TestCase_B1"/>
  <testcase name="testcaseB1" time="0.000" classname="com.qtpselenium.suite.cart.TestCase_B1"/>
</testsuite>
