<?xml version="1.0" encoding="UTF-8"?>
<!-- Generated by org.testng.reporters.JUnitReportReporter -->
<testsuite hostname="a-0d60a2f203f14" name="com.qtpselenium.suiteB.TestCase_B2" tests="1" failures="0" timestamp="12 Nov 2011 22:19:28 GMT" time="0.000" errors="0">
  <testcase name="testcaseB2" time="0.000" classname="com.qtpselenium.suiteB.TestCase_B2"/>
</testsuite>
