<?xml version="1.0" encoding="UTF-8"?>
<!-- Generated by org.testng.reporters.JUnitReportReporter -->
<testsuite hostname="a-0d60a2f203f14" name="com.qtpselenium.suiteC.TestCase_C1" tests="4" failures="0" timestamp="12 Nov 2011 22:19:28 GMT" time="0.000" errors="4">
  <testcase name="testcaseC1" time="0.000" classname="com.qtpselenium.suiteC.TestCase_C1"/>
  <testcase name="testcaseC1" time="0.000" classname="com.qtpselenium.suiteC.TestCase_C1"/>
  <testcase name="testcaseC1" time="0.000" classname="com.qtpselenium.suiteC.TestCase_C1"/>
  <testcase name="testcaseC1" time="0.000" classname="com.qtpselenium.suiteC.TestCase_C1"/>
</testsuite>
